Start testing: Aug 28 10:08 E. South America Standard Time
----------------------------------------------------------
1/1 Testing: nucleo_matematico
1/1 Test: nucleo_matematico
Command: "C:/Users/User/Documents/MEGA/Graduacao CEFET-MG/IC Perlin Noise/godot-perlin-noise/build-core/perlin_tests.exe"
Directory: C:/Users/User/Documents/MEGA/Graduacao CEFET-MG/IC Perlin Noise/godot-perlin-noise/build-core
"nucleo_matematico" start time: Aug 28 10:08 E. South America Standard Time
Output:
----------------------------------------------------------
Testes do nucleo matematico (sem godot-cpp)

[Tabela de permutacao]
  ok    os 256 primeiros valores sao uma permutacao de 0..255
  ok    a segunda metade duplica a primeira
  ok    construtor padrao usa DEFAULT_SEED
  ok    duas instancias padrao sao identicas (determinismo)
  ok    sementes diferentes produzem tabelas diferentes

[Funcoes de suavizacao]
  ok    fade linear: f(0) = 0
  ok    fade linear: f(1) = 1
  ok    fade linear: f(1/2) = 1/2
  ok    fade linear: monotona em [0,1]
  ok    fade cubica: f(0) = 0
  ok    fade cubica: f(1) = 1
  ok    fade cubica: f(1/2) = 1/2
  ok    fade cubica: monotona em [0,1]
  ok    fade quintica: f(0) = 0
  ok    fade quintica: f(1) = 1
  ok    fade quintica: f(1/2) = 1/2
  ok    fade quintica: monotona em [0,1]

[Ruido nos pontos da grade]
  ok    2D vale exatamente 0 nos vertices inteiros da grade
  ok    3D vale exatamente 0 nos vertices inteiros da grade

[Continuidade nas bordas de celula]
  ok    2D nao salta ao cruzar a fronteira de celula (max 0.000021)
  ok    3D nao salta ao cruzar a fronteira de celula (max 0.000021)

[Determinismo do ruido]
  ok    mesma semente produz exatamente os mesmos valores
  ok    sementes diferentes produzem campos diferentes
  ok    trocar fade_mode muda o valor calculado

[Camada fractal]
  ok    1 oitava em fBm devolve o ruido de base inalterado
  ok    0 oitavas devolve 0, sem divisao por zero
  ok    persistencia 0 colapsa para a primeira oitava, sem NaN
  ok    Ridged leva 0 ao topo da crista
  ok    Billow leva 0 ao fundo
  ok    fBm nao altera a amostra

[Vies do hash % 12 no gradiente 3D]
  ok    o vies e exatamente 22 contra 21 ocorrencias
  info  desequilibrio de 4.76% entre o gradiente mais e o menos frequente
  info  Perlin (2002) usa h & 15 com a tabela estendida a 16 duplicando 4 arestas

[Range medido contra o supremo teorico]
  ok    2D respeita o supremo sqrt(2)/2 ~ 0,70711
  ok    3D respeita o supremo sqrt(6)/2 ~ 1,22474
  ok    2D chega perto de sqrt(2)/2: a cota e justa
  ok    3D para em ~0,99 e nao alcanca sqrt(6)/2: a cota e frouxa

  -- dados para o relatorio (400000 amostras, semente 42) --
  2D, 1 oitava                 min  -0.69749  max   0.70468  media   0.00008  desvio   0.22099
  3D, 1 oitava                 min  -0.95612  max   0.98633  media   0.00081  desvio   0.27508
  2D, 1 oitava                 ocupa [ 39, 217] de [0, 255] =  70%
  3D, 1 oitava                 ocupa [  6, 253] de [0, 255] =  97%
  fBm 2D, 1 oitava(s)          min  -0.64648  max   0.68683  media  -0.00018  desvio   0.22018
  fBm 2D, 1 oitava(s)          ocupa [ 45, 215] de [0, 255] =  67%
  fBm 2D, 2 oitava(s)          min  -0.53099  max   0.56101  media   0.00010  desvio   0.16422
  fBm 2D, 2 oitava(s)          ocupa [ 60, 199] de [0, 255] =  55%
  fBm 2D, 4 oitava(s)          min  -0.44481  max   0.45195  media   0.00005  desvio   0.13548
  fBm 2D, 4 oitava(s)          ocupa [ 71, 185] de [0, 255] =  45%
  fBm 2D, 6 oitava(s)          min  -0.43405  max   0.43212  media   0.00002  desvio   0.12926
  fBm 2D, 6 oitava(s)          ocupa [ 72, 183] de [0, 255] =  43%
  fBm 2D, 16 oitava(s)         min  -0.42817  max   0.42778  media   0.00002  desvio   0.12727
  fBm 2D, 16 oitava(s)         ocupa [ 73, 182] de [0, 255] =  43%

----------------------------------------------
35 de 35 verificacoes passaram
tudo certo
<end of output>
Test time =   0.09 sec
----------------------------------------------------------
Test Passed.
"nucleo_matematico" end time: Aug 28 10:08 E. South America Standard Time
"nucleo_matematico" time elapsed: 00:00:00
----------------------------------------------------------

End testing: Aug 28 10:08 E. South America Standard Time
